Thu Jun  1 07:49:31 UTC 2023
predictor.v:4: error: Cannot assign to array state. Did you forget a word index?
predictor.v:17: error: Array state needs an array index here.
predictor.v:17: error: Unable to elaborate condition expression.
predictor.v:24: error: Array state needs an array index here.
predictor.v:24: error: Unable to elaborate condition expression.
5 error(s) during elaboration.
An error occurred when opening .vcd file '.tmp.vcd'